<?xml version="1.0" encoding="UTF-8"?>
<testsuite name="findmyshop.ShopAPIControllerTest" tests="2" skipped="0" failures="0" errors="0" timestamp="2016-07-10T07:46:28" hostname="IBM690-PC06LVS5" time="0.643">
  <properties/>
  <testcase name="getWelcome" classname="findmyshop.ShopAPIControllerTest" time="0.604"/>
  <testcase name="getHello" classname="findmyshop.ShopAPIControllerTest" time="0.038"/>
  <system-out><![CDATA[13:16:27.886 [Test worker] DEBUG org.springframework.test.context.junit4.SpringJUnit4ClassRunner - SpringJUnit4ClassRunner constructor called with [class findmyshop.ShopAPIControllerTest]
13:16:27.894 [Test worker] DEBUG org.springframework.test.context.BootstrapUtils - Instantiating CacheAwareContextLoaderDelegate from class [org.springframework.test.context.cache.DefaultCacheAwareContextLoaderDelegate]
13:16:27.902 [Test worker] DEBUG org.springframework.test.context.BootstrapUtils - Instantiating BootstrapContext using constructor [public org.springframework.test.context.support.DefaultBootstrapContext(java.lang.Class,org.springframework.test.context.CacheAwareContextLoaderDelegate)]
13:16:27.920 [Test worker] DEBUG org.springframework.test.context.BootstrapUtils - Instantiating TestContextBootstrapper for test class [findmyshop.ShopAPIControllerTest] from class [org.springframework.test.context.web.WebTestContextBootstrapper]
13:16:27.957 [Test worker] DEBUG org.springframework.test.context.web.WebTestContextBootstrapper - Found explicit ContextLoader class [org.springframework.boot.test.SpringApplicationContextLoader] for context configuration attributes [ContextConfigurationAttributes@38aca5f4 declaringClass = 'findmyshop.ShopAPIControllerTest', classes = '{class org.springframework.mock.web.MockServletContext}', locations = '{}', inheritLocations = true, initializers = '{}', inheritInitializers = true, name = [null], contextLoaderClass = 'org.springframework.boot.test.SpringApplicationContextLoader']
13:16:27.969 [Test worker] DEBUG org.springframework.test.context.support.AbstractContextLoader - Did not detect default resource location for test class [findmyshop.ShopAPIControllerTest]: class path resource [findmyshop/ShopAPIControllerTest-context.xml] does not exist
13:16:27.970 [Test worker] DEBUG org.springframework.test.context.support.AbstractContextLoader - Did not detect default resource location for test class [findmyshop.ShopAPIControllerTest]: class path resource [findmyshop/ShopAPIControllerTestContext.groovy] does not exist
13:16:27.970 [Test worker] INFO org.springframework.test.context.support.AbstractContextLoader - Could not detect default resource locations for test class [findmyshop.ShopAPIControllerTest]: no resource found for suffixes {-context.xml, Context.groovy}.
13:16:27.973 [Test worker] DEBUG org.springframework.test.context.support.ActiveProfilesUtils - Could not find an 'annotation declaring class' for annotation type [org.springframework.test.context.ActiveProfiles] and class [findmyshop.ShopAPIControllerTest]
13:16:27.977 [Test worker] DEBUG org.springframework.test.context.web.WebTestContextBootstrapper - @TestExecutionListeners is not present for class [findmyshop.ShopAPIControllerTest]: using defaults.
13:16:27.988 [Test worker] INFO org.springframework.test.context.web.WebTestContextBootstrapper - Loaded default TestExecutionListener class names from location [META-INF/spring.factories]: [org.springframework.test.context.web.ServletTestExecutionListener, org.springframework.test.context.support.DirtiesContextBeforeModesTestExecutionListener, org.springframework.test.context.support.DependencyInjectionTestExecutionListener, org.springframework.test.context.support.DirtiesContextTestExecutionListener, org.springframework.test.context.transaction.TransactionalTestExecutionListener, org.springframework.test.context.jdbc.SqlScriptsTestExecutionListener]
13:16:27.994 [Test worker] INFO org.springframework.test.context.web.WebTestContextBootstrapper - Could not instantiate TestExecutionListener [org.springframework.test.context.jdbc.SqlScriptsTestExecutionListener]. Specify custom listener classes or make the default listener classes (and their required dependencies) available. Offending class: [org/springframework/transaction/interceptor/TransactionAttribute]
13:16:28.001 [Test worker] INFO org.springframework.test.context.web.WebTestContextBootstrapper - Could not instantiate TestExecutionListener [org.springframework.test.context.transaction.TransactionalTestExecutionListener]. Specify custom listener classes or make the default listener classes (and their required dependencies) available. Offending class: [org/springframework/transaction/interceptor/TransactionAttributeSource]
13:16:28.004 [Test worker] INFO org.springframework.test.context.web.WebTestContextBootstrapper - Using TestExecutionListeners: [org.springframework.test.context.web.ServletTestExecutionListener@87a88f7, org.springframework.test.context.support.DirtiesContextBeforeModesTestExecutionListener@19494db1, org.springframework.test.context.support.DependencyInjectionTestExecutionListener@44b85789, org.springframework.test.context.support.DirtiesContextTestExecutionListener@7d0da55d]
13:16:28.007 [Test worker] DEBUG org.springframework.test.annotation.ProfileValueUtils - Retrieved @ProfileValueSourceConfiguration [null] for test class [findmyshop.ShopAPIControllerTest]
13:16:28.008 [Test worker] DEBUG org.springframework.test.annotation.ProfileValueUtils - Retrieved ProfileValueSource type [class org.springframework.test.annotation.SystemProfileValueSource] for class [findmyshop.ShopAPIControllerTest]
13:16:28.012 [Test worker] DEBUG org.springframework.test.annotation.ProfileValueUtils - Retrieved @ProfileValueSourceConfiguration [null] for test class [findmyshop.ShopAPIControllerTest]
13:16:28.012 [Test worker] DEBUG org.springframework.test.annotation.ProfileValueUtils - Retrieved ProfileValueSource type [class org.springframework.test.annotation.SystemProfileValueSource] for class [findmyshop.ShopAPIControllerTest]
13:16:28.013 [Test worker] DEBUG org.springframework.test.annotation.ProfileValueUtils - Retrieved @ProfileValueSourceConfiguration [null] for test class [findmyshop.ShopAPIControllerTest]
13:16:28.013 [Test worker] DEBUG org.springframework.test.annotation.ProfileValueUtils - Retrieved ProfileValueSource type [class org.springframework.test.annotation.SystemProfileValueSource] for class [findmyshop.ShopAPIControllerTest]
13:16:28.016 [Test worker] DEBUG org.springframework.test.context.support.AbstractDirtiesContextTestExecutionListener - Before test class: context [DefaultTestContext@ffba315 testClass = ShopAPIControllerTest, testInstance = [null], testMethod = [null], testException = [null], mergedContextConfiguration = [WebMergedContextConfiguration@a535e1b testClass = ShopAPIControllerTest, locations = '{}', classes = '{class org.springframework.mock.web.MockServletContext}', contextInitializerClasses = '[]', activeProfiles = '{}', propertySourceLocations = '{}', propertySourceProperties = '{}', resourceBasePath = 'src/main/webapp', contextLoader = 'org.springframework.boot.test.SpringApplicationContextLoader', parent = [null]]], class annotated with @DirtiesContext [false] with mode [null].
13:16:28.017 [Test worker] DEBUG org.springframework.test.annotation.ProfileValueUtils - Retrieved @ProfileValueSourceConfiguration [null] for test class [findmyshop.ShopAPIControllerTest]
13:16:28.017 [Test worker] DEBUG org.springframework.test.annotation.ProfileValueUtils - Retrieved ProfileValueSource type [class org.springframework.test.annotation.SystemProfileValueSource] for class [findmyshop.ShopAPIControllerTest]
13:16:28.133 [Test worker] DEBUG org.springframework.core.env.StandardEnvironment - Adding [systemProperties] PropertySource with lowest search precedence
13:16:28.137 [Test worker] DEBUG org.springframework.core.env.StandardEnvironment - Adding [systemEnvironment] PropertySource with lowest search precedence
13:16:28.137 [Test worker] DEBUG org.springframework.core.env.StandardEnvironment - Initialized StandardEnvironment with PropertySources [systemProperties,systemEnvironment]
13:16:28.139 [Test worker] DEBUG org.springframework.core.env.StandardEnvironment - Adding [integrationTest] PropertySource with search precedence immediately lower than [systemEnvironment]

  .   ____          _            __ _ _
 /\\ / ___'_ __ _ _(_)_ __  __ _ \ \ \ \
( ( )\___ | '_ | '_| | '_ \/ _` | \ \ \ \
 \\/  ___)| |_)| | | | | || (_| |  ) ) ) )
  '  |____| .__|_| |_|_| |_\__, | / / / /
 =========|_|==============|___/=/_/_/_/
 :: Spring Boot ::        (v1.3.6.RELEASE)

2016-07-10 13:16:28.532  INFO 6336 --- [    Test worker] findmyshop.ShopAPIControllerTest         : Starting ShopAPIControllerTest on IBM690-PC06LVS5 with PID 6336 (C:\Monitise\Dev_challenge\gs-spring-boot-master\complete\build\classes\test started by koushick in C:\Monitise\Dev_challenge\gs-spring-boot-master\complete)
2016-07-10 13:16:28.534  INFO 6336 --- [    Test worker] findmyshop.ShopAPIControllerTest         : No active profile set, falling back to default profiles: default
2016-07-10 13:16:28.636  INFO 6336 --- [    Test worker] o.s.w.c.s.GenericWebApplicationContext   : Refreshing org.springframework.web.context.support.GenericWebApplicationContext@c307778: startup date [Sun Jul 10 13:16:28 IST 2016]; root of context hierarchy
2016-07-10 13:16:28.790  INFO 6336 --- [    Test worker] findmyshop.ShopAPIControllerTest         : Started ShopAPIControllerTest in 0.637 seconds (JVM running for 1.93)
2016-07-10 13:16:28.976  INFO 6336 --- [    Test worker] ilder$StaticRequestMappingHandlerMapping : Mapped "{[/]}" onto public java.lang.String findmyshop.ShopAPIController.index()
2016-07-10 13:16:28.979  INFO 6336 --- [    Test worker] ilder$StaticRequestMappingHandlerMapping : Mapped "{[/welcome],methods=[GET]}" onto public java.lang.String findmyshop.ShopAPIController.welcomeMessage()
2016-07-10 13:16:29.283  INFO 6336 --- [    Test worker] s.w.s.m.m.a.RequestMappingHandlerAdapter : Looking for @ControllerAdvice: org.springframework.test.web.servlet.setup.StubWebApplicationContext@4ad8c696
2016-07-10 13:16:29.356  INFO 6336 --- [    Test worker] o.s.mock.web.MockServletContext          : Initializing Spring FrameworkServlet ''
2016-07-10 13:16:29.357  INFO 6336 --- [    Test worker] o.s.t.web.servlet.TestDispatcherServlet  : FrameworkServlet '': initialization started
2016-07-10 13:16:29.358  INFO 6336 --- [    Test worker] o.s.t.web.servlet.TestDispatcherServlet  : FrameworkServlet '': initialization completed in 1 ms
2016-07-10 13:16:29.428  INFO 6336 --- [    Test worker] ilder$StaticRequestMappingHandlerMapping : Mapped "{[/]}" onto public java.lang.String findmyshop.ShopAPIController.index()
2016-07-10 13:16:29.428  INFO 6336 --- [    Test worker] ilder$StaticRequestMappingHandlerMapping : Mapped "{[/welcome],methods=[GET]}" onto public java.lang.String findmyshop.ShopAPIController.welcomeMessage()
2016-07-10 13:16:29.446  INFO 6336 --- [    Test worker] s.w.s.m.m.a.RequestMappingHandlerAdapter : Looking for @ControllerAdvice: org.springframework.test.web.servlet.setup.StubWebApplicationContext@23e09e7f
2016-07-10 13:16:29.459  INFO 6336 --- [    Test worker] o.s.mock.web.MockServletContext          : Initializing Spring FrameworkServlet ''
2016-07-10 13:16:29.459  INFO 6336 --- [    Test worker] o.s.t.web.servlet.TestDispatcherServlet  : FrameworkServlet '': initialization started
2016-07-10 13:16:29.460  INFO 6336 --- [    Test worker] o.s.t.web.servlet.TestDispatcherServlet  : FrameworkServlet '': initialization completed in 0 ms
]]></system-out>
  <system-err><![CDATA[]]></system-err>
</testsuite>
